2017-10-31 10:45:05,492  INFO DemoApplication:48 ---- Starting DemoApplication on F7687967AA with PID 3460 (D:\IdeaProjects\springboot\target\classes started by F7687967 in D:\IdeaProjects\springboot)
2017-10-31 10:45:05,533 DEBUG DemoApplication:51 ---- Running with Spring Boot v1.5.7.RELEASE, Spring v4.3.11.RELEASE
2017-10-31 10:45:05,534  INFO DemoApplication:597 ---- The following profiles are active: dev
2017-10-31 10:45:24,668  INFO DemoApplication:57 ---- Started DemoApplication in 19.971 seconds (JVM running for 22.68)
2017-10-31 10:45:44,616  INFO DemoApplication:48 ---- Starting DemoApplication on F7687967AA with PID 720 (D:\IdeaProjects\springboot\target\classes started by F7687967 in D:\IdeaProjects\springboot)
2017-10-31 10:45:44,618 DEBUG DemoApplication:51 ---- Running with Spring Boot v1.5.7.RELEASE, Spring v4.3.11.RELEASE
2017-10-31 10:45:44,619  INFO DemoApplication:597 ---- The following profiles are active: dev
2017-10-31 10:45:58,104  INFO DemoApplication:57 ---- Started DemoApplication in 14.018 seconds (JVM running for 15.709)
2017-10-31 11:27:58,778  INFO DemoApplication:48 ---- Starting DemoApplication on F7687967AA with PID 5940 (D:\IdeaProjects\springboot\target\classes started by F7687967 in D:\IdeaProjects\springboot)
2017-10-31 11:27:58,832 DEBUG DemoApplication:51 ---- Running with Spring Boot v1.5.7.RELEASE, Spring v4.3.11.RELEASE
2017-10-31 11:27:58,833  INFO DemoApplication:597 ---- The following profiles are active: dev
2017-10-31 11:28:15,944  INFO DemoApplication:57 ---- Started DemoApplication in 19.094 seconds (JVM running for 24.108)
2017-10-31 11:35:47,340  INFO DemoApplication:48 ---- Starting DemoApplication on F7687967AA with PID 896 (D:\IdeaProjects\springboot\target\classes started by F7687967 in D:\IdeaProjects\springboot)
2017-10-31 11:35:47,343 DEBUG DemoApplication:51 ---- Running with Spring Boot v1.5.7.RELEASE, Spring v4.3.11.RELEASE
2017-10-31 11:35:47,343  INFO DemoApplication:597 ---- The following profiles are active: dev
2017-10-31 11:35:59,535  INFO DemoApplication:57 ---- Started DemoApplication in 12.855 seconds (JVM running for 15.064)
2017-10-31 11:40:02,003  INFO DemoApplication:48 ---- Starting DemoApplication on F7687967AA with PID 4788 (D:\IdeaProjects\springboot\target\classes started by F7687967 in D:\IdeaProjects\springboot)
2017-10-31 11:40:02,005 DEBUG DemoApplication:51 ---- Running with Spring Boot v1.5.7.RELEASE, Spring v4.3.11.RELEASE
2017-10-31 11:40:02,006  INFO DemoApplication:597 ---- The following profiles are active: dev
2017-10-31 11:40:14,184  INFO DemoApplication:57 ---- Started DemoApplication in 12.746 seconds (JVM running for 14.027)
2017-10-31 11:40:58,348  INFO DemoApplication:48 ---- Starting DemoApplication on F7687967AA with PID 1692 (D:\IdeaProjects\springboot\target\classes started by F7687967 in D:\IdeaProjects\springboot)
2017-10-31 11:40:58,351 DEBUG DemoApplication:51 ---- Running with Spring Boot v1.5.7.RELEASE, Spring v4.3.11.RELEASE
2017-10-31 11:40:58,352  INFO DemoApplication:597 ---- The following profiles are active: dev
2017-10-31 11:41:10,200  INFO DemoApplication:57 ---- Started DemoApplication in 12.444 seconds (JVM running for 14.172)
2017-10-31 11:44:58,761  INFO DemoApplication:48 ---- Starting DemoApplication on F7687967AA with PID 5848 (D:\IdeaProjects\springboot\target\classes started by F7687967 in D:\IdeaProjects\springboot)
2017-10-31 11:44:58,787 DEBUG DemoApplication:51 ---- Running with Spring Boot v1.5.7.RELEASE, Spring v4.3.11.RELEASE
2017-10-31 11:44:58,788  INFO DemoApplication:597 ---- The following profiles are active: dev
2017-10-31 11:45:13,828  INFO DemoApplication:57 ---- Started DemoApplication in 15.739 seconds (JVM running for 19.032)
2017-10-31 11:49:18,461  INFO DemoApplication:48 ---- Starting DemoApplication on F7687967AA with PID 5656 (D:\IdeaProjects\springboot\target\classes started by F7687967 in D:\IdeaProjects\springboot)
2017-10-31 11:49:18,463 DEBUG DemoApplication:51 ---- Running with Spring Boot v1.5.7.RELEASE, Spring v4.3.11.RELEASE
2017-10-31 11:49:18,463  INFO DemoApplication:597 ---- The following profiles are active: dev
2017-10-31 11:49:30,507  INFO DemoApplication:57 ---- Started DemoApplication in 12.447 seconds (JVM running for 13.609)
2017-10-31 13:56:11,659  INFO DemoApplication:48 ---- Starting DemoApplication on F7687967AA with PID 3404 (D:\IdeaProjects\springboot\target\classes started by F7687967 in D:\IdeaProjects\springboot)
2017-10-31 13:56:11,666 DEBUG DemoApplication:51 ---- Running with Spring Boot v1.5.7.RELEASE, Spring v4.3.11.RELEASE
2017-10-31 13:56:11,667  INFO DemoApplication:597 ---- The following profiles are active: dev
2017-10-31 13:56:32,412  INFO DemoApplication:57 ---- Started DemoApplication in 21.993 seconds (JVM running for 29.401)
2017-10-31 13:58:26,020  INFO DemoApplication:48 ---- Starting DemoApplication on F7687967AA with PID 3848 (D:\IdeaProjects\springboot\target\classes started by F7687967 in D:\IdeaProjects\springboot)
2017-10-31 13:58:26,024 DEBUG DemoApplication:51 ---- Running with Spring Boot v1.5.7.RELEASE, Spring v4.3.11.RELEASE
2017-10-31 13:58:26,024  INFO DemoApplication:597 ---- The following profiles are active: dev
2017-10-31 13:58:42,737  INFO DemoApplication:57 ---- Started DemoApplication in 17.212 seconds (JVM running for 21.692)
2017-10-31 14:11:50,847  INFO DemoApplication:48 ---- Starting DemoApplication on F7687967AA with PID 3896 (D:\IdeaProjects\springboot\target\classes started by F7687967 in D:\IdeaProjects\springboot)
2017-10-31 14:11:50,850 DEBUG DemoApplication:51 ---- Running with Spring Boot v1.5.7.RELEASE, Spring v4.3.11.RELEASE
2017-10-31 14:11:50,850  INFO DemoApplication:597 ---- The following profiles are active: dev
2017-10-31 14:12:40,317  INFO DemoApplication:48 ---- Starting DemoApplication on F7687967AA with PID 3104 (D:\IdeaProjects\springboot\target\classes started by F7687967 in D:\IdeaProjects\springboot)
2017-10-31 14:12:40,320 DEBUG DemoApplication:51 ---- Running with Spring Boot v1.5.7.RELEASE, Spring v4.3.11.RELEASE
2017-10-31 14:12:40,320  INFO DemoApplication:597 ---- The following profiles are active: dev
2017-10-31 14:12:52,392  INFO DemoApplication:57 ---- Started DemoApplication in 12.485 seconds (JVM running for 13.991)
2017-10-31 14:43:00,759  INFO DemoApplication:48 ---- Starting DemoApplication on F7687967AA with PID 5080 (D:\IdeaProjects\springboot\target\classes started by F7687967 in D:\IdeaProjects\springboot)
2017-10-31 14:43:00,768 DEBUG DemoApplication:51 ---- Running with Spring Boot v1.5.7.RELEASE, Spring v4.3.11.RELEASE
2017-10-31 14:43:00,769  INFO DemoApplication:597 ---- The following profiles are active: dev
2017-10-31 14:43:17,495  INFO DemoApplication:57 ---- Started DemoApplication in 18.122 seconds (JVM running for 25.884)
2017-10-31 14:44:54,875 DEBUG getUserAccountsNum:145 ---- ==>  Preparing: SELECT count(1) FROM user_account 
2017-10-31 14:44:54,936 DEBUG getUserAccountsNum:145 ---- ==> Parameters: 
2017-10-31 14:44:55,466 DEBUG getUserAccountsNum:145 ---- <==      Total: 1
2017-10-31 15:29:47,883  INFO DemoApplication:48 ---- Starting DemoApplication on F7687967AA with PID 4616 (D:\IdeaProjects\springboot\target\classes started by F7687967 in D:\IdeaProjects\springboot)
2017-10-31 15:29:47,920 DEBUG DemoApplication:51 ---- Running with Spring Boot v1.5.7.RELEASE, Spring v4.3.11.RELEASE
2017-10-31 15:29:47,921  INFO DemoApplication:597 ---- The following profiles are active: dev
2017-10-31 15:30:09,199  INFO DemoApplication:57 ---- Started DemoApplication in 22.708 seconds (JVM running for 26.156)
2017-10-31 15:30:53,376 DEBUG getUserAccountsNum:145 ---- ==>  Preparing: SELECT count(1) FROM user_account 
2017-10-31 15:30:53,419 DEBUG getUserAccountsNum:145 ---- ==> Parameters: 
2017-10-31 15:30:53,670 DEBUG getUserAccountsNum:145 ---- <==      Total: 1
2017-10-31 15:53:41,037  INFO DemoApplication:48 ---- Starting DemoApplication on F7687967AA with PID 3464 (D:\IdeaProjects\springboot\target\classes started by F7687967 in D:\IdeaProjects\springboot)
2017-10-31 15:53:41,039 DEBUG DemoApplication:51 ---- Running with Spring Boot v1.5.7.RELEASE, Spring v4.3.11.RELEASE
2017-10-31 15:53:41,040  INFO DemoApplication:597 ---- The following profiles are active: dev
2017-10-31 15:53:52,237  INFO DemoApplication:57 ---- Started DemoApplication in 11.867 seconds (JVM running for 13.825)
2017-10-31 15:54:14,406  INFO HttpClientUtil:35 ---- URL --> http://localhost:8080/useraccount/num
2017-10-31 15:54:14,588 DEBUG getUserAccountsNum:145 ---- ==>  Preparing: SELECT count(1) FROM user_account 
2017-10-31 15:54:14,621 DEBUG getUserAccountsNum:145 ---- ==> Parameters: 
2017-10-31 15:54:14,641 DEBUG getUserAccountsNum:145 ---- <==      Total: 1
2017-10-31 15:54:14,716  INFO HttpClientUtil:50 ---- 处理结果 --> {"code":"1","info":"获取用户帐号总量成功!","data":"用户帐号总量为:2"}
